<?xml version="1.0" encoding="UTF-8"?>
<!-- Generated by org.testng.reporters.JUnitReportReporter -->
<testsuite hostname="DESKTOP-URE43HF" failures="0" tests="1" name="com.cura.healthcare.service.Curahealth" time="29.678" errors="0" timestamp="2024-10-26T19:26:18 IST" skipped="0">
  <testcase classname="com.cura.healthcare.service.Curahealth" name="Login" time="29.678"/>
</testsuite> <!-- com.cura.healthcare.service.Curahealth -->
